01-20 19:45:22 Kicad_action_plugins-master.archive_project.action_archive_project 108:Plugin executed on: 'win32'
01-20 19:45:22 Kicad_action_plugins-master.archive_project.action_archive_project 109:Plugin executed with python version: '2.7.18 (default, Apr 20 2020, 16:57:11)  [GCC 9.3.0 64 bit (AMD64)]'
01-20 19:45:22 Kicad_action_plugins-master.archive_project.action_archive_project 110:KiCad build version: (5.1.10)-1
01-20 19:45:22 Kicad_action_plugins-master.archive_project.action_archive_project 111:Archive plugin version: 48 started
01-20 19:45:26 Kicad_action_plugins-master.archive_project.action_archive_project 167:Starting archiving only schematics
01-20 19:45:26 Kicad_action_plugins-master.archive_project.archive_project 199:Starting to archive symbols
01-20 19:45:26 Kicad_action_plugins-master.archive_project.archive_project 206:Pcb filename:E:\Zenith\CubeSat 2020\Stack New\Varela v.2.0\Probe-RAS\KiCad_Files\Varella v.2.0.kicad_pcb
01-20 19:45:26 Kicad_action_plugins-master.archive_project.archive_project 218:Kicad config path: C:\Users\julio\AppData\Roaming\kicad
01-20 19:45:26 Kicad_action_plugins-master.archive_project.archive_project 254:Project sym lib table does not exist
01-20 19:45:26 Kicad_action_plugins-master.archive_project.archive_project 290:Entering archive library in sym-lib-table
01-20 19:45:26 Kicad_action_plugins-master.archive_project.archive_project 132:found subsheet:
	E:\Zenith\CubeSat 2020\Stack New\Varela v.2.0\Probe-RAS\KiCad_Files\Peripherals.sch
	 in:
	E:\Zenith\CubeSat 2020\Stack New\Varela v.2.0\Probe-RAS\KiCad_Files\Varella v.2.0.sch, line: 1043
01-20 19:45:26 Kicad_action_plugins-master.archive_project.archive_project 132:found subsheet:
	E:\Zenith\CubeSat 2020\Stack New\Varela v.2.0\Probe-RAS\KiCad_Files\Sensors.sch
	 in:
	E:\Zenith\CubeSat 2020\Stack New\Varela v.2.0\Probe-RAS\KiCad_Files\Varella v.2.0.sch, line: 1065
01-20 19:45:26 Kicad_action_plugins-master.archive_project.archive_project 380:found all subsheets
01-20 19:45:26 Kicad_action_plugins-master.archive_project.archive_project 389:Archiving file: E:\Zenith\CubeSat 2020\Stack New\Varela v.2.0\Probe-RAS\KiCad_Files\Sensors.sch
01-20 19:45:26 Kicad_action_plugins-master.archive_project.archive_project 392:Checking file integrity
01-20 19:45:26 Kicad_action_plugins-master.archive_project.archive_project 407:Go through all symbols within the file
01-20 19:45:26 Kicad_action_plugins-master.archive_project.archive_project 533:Reached end of file
01-20 19:45:26 Kicad_action_plugins-master.archive_project.archive_project 389:Archiving file: E:\Zenith\CubeSat 2020\Stack New\Varela v.2.0\Probe-RAS\KiCad_Files\Peripherals.sch
01-20 19:45:26 Kicad_action_plugins-master.archive_project.archive_project 392:Checking file integrity
01-20 19:45:26 Kicad_action_plugins-master.archive_project.archive_project 407:Go through all symbols within the file
01-20 19:45:26 Kicad_action_plugins-master.archive_project.archive_project 533:Reached end of file
01-20 19:45:26 Kicad_action_plugins-master.archive_project.archive_project 389:Archiving file: E:\Zenith\CubeSat 2020\Stack New\Varela v.2.0\Probe-RAS\KiCad_Files\Varella v.2.0.sch
01-20 19:45:26 Kicad_action_plugins-master.archive_project.archive_project 392:Checking file integrity
01-20 19:45:26 Kicad_action_plugins-master.archive_project.archive_project 407:Go through all symbols within the file
01-20 19:45:26 Kicad_action_plugins-master.archive_project.archive_project 533:Reached end of file
01-20 19:45:26 Kicad_action_plugins-master.archive_project.archive_project 546:Writing schematics file(s)
01-20 19:45:26 Kicad_action_plugins-master.archive_project.archive_project 139:Starting to archive worksheets
01-20 19:45:26 Kicad_action_plugins-master.archive_project.archive_project 154:Found worksheet entry:  at line: 16
01-20 19:45:26 Kicad_action_plugins-master.archive_project.archive_project 156:Full worksheet path: E:\Zenith\CubeSat 2020\Stack New\Varela v.2.0\Probe-RAS\KiCad_Files
01-20 19:45:26 Kicad_action_plugins-master.archive_project.archive_project 159:Worksheet file does not exist
01-20 19:45:28 Kicad_action_plugins-master.archive_project.action_archive_project 216:Starting 3D model archiving
01-20 19:45:28 Kicad_action_plugins-master.archive_project.archive_project 561:Starting to archive 3D models
01-20 19:45:28 Kicad_action_plugins-master.archive_project.archive_project 563:All defined environment variables: {'TMP': 'C:\\Users\\julio\\AppData\\Local\\Temp', 'BESIEGE_UNITY_ASSEMBLIES': 'C:/Program Files (x86)/Steam/steamapps/common/Besiege/Besiege_Data\\Managed/', 'COMPUTERNAME': 'DESKTOP-OOPRH75', 'BESIEGE_GAME_ASSEMBLIES': 'C:/Program Files (x86)/Steam/steamapps/common/Besiege/Besiege_Data\\Managed/', 'PSMODULEPATH': 'C:\\Program Files\\WindowsPowerShell\\Modules;C:\\Windows\\system32\\WindowsPowerShell\\v1.0\\Modules', 'KICAD_TEMPLATE_DIR': 'C:\\Program Files\\KiCad\\share\\kicad\\template', 'COMMONPROGRAMFILES': 'C:\\Program Files\\Common Files', 'PROCESSOR_IDENTIFIER': 'Intel64 Family 6 Model 158 Stepping 13, GenuineIntel', 'PROGRAMFILES': 'C:\\Program Files', 'PROCESSOR_REVISION': '9e0d', 'SYSTEMROOT': 'C:\\Windows', 'PATH': 'C:\\Program Files\\KiCad\\bin;C:\\Program Files\\KiCad\\bin;C:\\Program Files (x86)\\Common Files\\Oracle\\Java\\javapath;C:\\Windows\\system32;C:\\Windows;C:\\Windows\\System32\\Wbem;C:\\Windows\\System32\\WindowsPowerShell\\v1.0\\;C:\\Windows\\System32\\OpenSSH\\;C:\\Program Files\\NVIDIA Corporation\\NVIDIA NvDLISR;C:\\Program Files (x86)\\NVIDIA Corporation\\PhysX\\Common;C:\\Program Files (x86)\\STMicroelectronics\\STM32 ST-LINK Utility\\ST-LINK Utility;C:\\Program Files\\dotnet\\;C:\\Program Files (x86)\\dotnet\\;C:\\Program Files\\nodejs\\;C:\\Users\\julio\\MATLAB\\Polyspace\\R2020a\\runtime\\win64;C:\\Users\\julio\\MATLAB\\Polyspace\\R2020a\\bin;C:\\Users\\julio\\AppData\\Local\\Microsoft\\WindowsApps;C:\\intelFPGA_lite\\20.1\\modelsim_ase\\win32aloem;C:\\Users\\julio\\AppData\\Local\\GitHubDesktop\\bin;C:\\Users\\julio\\AppData\\Local\\Programs\\Microsoft VS Code\\bin;C:\\Users\\julio\\AppData\\Roaming\\npm;C:\\Users\\julio\\.dotnet\\tools', 'PROGRAMFILES(X86)': 'C:\\Program Files (x86)', 'KICAD_SYMBOL_DIR': 'C:\\Program Files\\KiCad\\share\\kicad\\library', 'DRIVERDATA': 'C:\\Windows\\System32\\Drivers\\DriverData', 'QUARTUS_ROOTDIR': 'C:\\intelFPGA_lite\\20.1\\quartus', 'KISYS3DMOD': 'C:\\Program Files\\KiCad\\share\\kicad\\modules\\packages3d\\', 'TEMP': 'C:\\Users\\julio\\AppData\\Local\\Temp', 'COMMONPROGRAMFILES(X86)': 'C:\\Program Files (x86)\\Common Files', 'USERDOMAIN': 'DESKTOP-OOPRH75', 'PROCESSOR_ARCHITECTURE': 'AMD64', 'ALLUSERSPROFILE': 'C:\\ProgramData', 'LOCALAPPDATA': 'C:\\Users\\julio\\AppData\\Local', 'FPS_BROWSER_USER_PROFILE_STRING': 'Default', 'HOMEPATH': '\\Users\\julio', 'USERDOMAIN_ROAMINGPROFILE': 'DESKTOP-OOPRH75', 'PROGRAMW6432': 'C:\\Program Files', 'USERNAME': 'julio', 'SOPC_KIT_NIOS2': 'C:\\intelFPGA_lite\\20.1\\nios2eds', 'LOGONSERVER': '\\\\DESKTOP-OOPRH75', 'ONEDRIVECONSUMER': 'C:\\Users\\julio\\OneDrive', 'SESSIONNAME': 'Console', 'PROGRAMDATA': 'C:\\ProgramData', 'ONEDRIVE': 'C:\\Users\\julio\\OneDrive', 'FPS_BROWSER_APP_PROFILE_STRING': 'Internet Explorer', 'ZES_ENABLE_SYSMAN': '1', 'KICAD_USER_TEMPLATE_DIR': 'E:\\Documentos\\kicad\\template', 'PATHEXT': '.COM;.EXE;.BAT;.CMD;.VBS;.VBE;.JS;.JSE;.WSF;.WSH;.MSC', 'KISYSMOD': 'C:\\Program Files\\KiCad\\share\\kicad\\modules', 'WINDIR': 'C:\\Windows', 'KIGITHUB': 'https://github.com/KiCad', 'HOMEDRIVE': 'C:', 'SYSTEMDRIVE': 'C:', 'COMSPEC': 'C:\\Windows\\system32\\cmd.exe', 'NUMBER_OF_PROCESSORS': '8', 'QSYS_ROOTDIR': 'C:\\intelFPGA_lite\\20.1\\quartus\\sopc_builder\\bin', 'APPDATA': 'C:\\Users\\julio\\AppData\\Roaming', 'PROCESSOR_LEVEL': '6', 'KIPRJMOD': 'E:\\Zenith\\CubeSat 2020\\Stack New\\Varela v.2.0\\Probe-RAS\\KiCad_Files', 'COMMONPROGRAMW6432': 'C:\\Program Files\\Common Files', 'OS': 'Windows_NT', 'PUBLIC': 'C:\\Users\\Public', 'USERPROFILE': 'C:\\Users\\julio'}
01-20 19:45:28 Kicad_action_plugins-master.archive_project.archive_project 588:Getting 3D models for footprint of: Y1
01-20 19:45:28 Kicad_action_plugins-master.archive_project.archive_project 599:Trying to copy: ${KIPRJMOD}/shapes3D/Crystal_SMD_MicroCrystal_CC7V-T1A-2Pin_3.2x1.5mm.step
01-20 19:45:28 Kicad_action_plugins-master.archive_project.archive_project 656:Remapping: ${KIPRJMOD}/shapes3D/Crystal_SMD_MicroCrystal_CC7V-T1A-2Pin_3.2x1.5mm.step
01-20 19:45:28 Kicad_action_plugins-master.archive_project.archive_project 588:Getting 3D models for footprint of: 16M1
01-20 19:45:28 Kicad_action_plugins-master.archive_project.archive_project 599:Trying to copy: ${KIPRJMOD}/shapes3D/Crystal_SMD_4Pin_5x3.2mm.step
01-20 19:45:28 Kicad_action_plugins-master.archive_project.archive_project 656:Remapping: ${KIPRJMOD}/shapes3D/Crystal_SMD_4Pin_5x3.2mm.step
01-20 19:45:28 Kicad_action_plugins-master.archive_project.archive_project 599:Trying to copy: ${KIPRJMOD}/shapes3D/Crystal_SMD_4Pin_5x3.2mm.step
01-20 19:45:28 Kicad_action_plugins-master.archive_project.archive_project 656:Remapping: ${KIPRJMOD}/shapes3D/Crystal_SMD_4Pin_5x3.2mm.step
01-20 19:45:28 Kicad_action_plugins-master.archive_project.archive_project 588:Getting 3D models for footprint of: U7
01-20 19:45:28 Kicad_action_plugins-master.archive_project.archive_project 599:Trying to copy: ${KIPRJMOD}/shapes3D/HDC-1080.step
01-20 19:45:28 Kicad_action_plugins-master.archive_project.archive_project 656:Remapping: ${KIPRJMOD}/shapes3D/HDC-1080.step
01-20 19:45:28 Kicad_action_plugins-master.archive_project.archive_project 588:Getting 3D models for footprint of: U8
01-20 19:45:28 Kicad_action_plugins-master.archive_project.archive_project 599:Trying to copy: ${KIPRJMOD}/shapes3D/MS560702BA03-50.step
01-20 19:45:28 Kicad_action_plugins-master.archive_project.archive_project 656:Remapping: ${KIPRJMOD}/shapes3D/MS560702BA03-50.step
01-20 19:45:28 Kicad_action_plugins-master.archive_project.archive_project 588:Getting 3D models for footprint of: RN1
01-20 19:45:28 Kicad_action_plugins-master.archive_project.archive_project 599:Trying to copy: ${KIPRJMOD}/shapes3D/R_Array_Convex_4x0603.step
01-20 19:45:28 Kicad_action_plugins-master.archive_project.archive_project 656:Remapping: ${KIPRJMOD}/shapes3D/R_Array_Convex_4x0603.step
01-20 19:45:28 Kicad_action_plugins-master.archive_project.archive_project 588:Getting 3D models for footprint of: RN2
01-20 19:45:28 Kicad_action_plugins-master.archive_project.archive_project 599:Trying to copy: ${KIPRJMOD}/shapes3D/R_Array_Convex_4x0603.step
01-20 19:45:28 Kicad_action_plugins-master.archive_project.archive_project 656:Remapping: ${KIPRJMOD}/shapes3D/R_Array_Convex_4x0603.step
01-20 19:45:28 Kicad_action_plugins-master.archive_project.archive_project 588:Getting 3D models for footprint of: J5
01-20 19:45:28 Kicad_action_plugins-master.archive_project.archive_project 599:Trying to copy: ${KIPRJMOD}/shapes3D/532610271 recolored.step
01-20 19:45:28 Kicad_action_plugins-master.archive_project.archive_project 656:Remapping: ${KIPRJMOD}/shapes3D/532610271 recolored.step
01-20 19:45:28 Kicad_action_plugins-master.archive_project.archive_project 588:Getting 3D models for footprint of: J6
01-20 19:45:28 Kicad_action_plugins-master.archive_project.archive_project 599:Trying to copy: ${KIPRJMOD}/shapes3D/532610271 recolored.step
01-20 19:45:28 Kicad_action_plugins-master.archive_project.archive_project 656:Remapping: ${KIPRJMOD}/shapes3D/532610271 recolored.step
01-20 19:45:28 Kicad_action_plugins-master.archive_project.archive_project 588:Getting 3D models for footprint of: J4
01-20 19:45:28 Kicad_action_plugins-master.archive_project.archive_project 599:Trying to copy: ${KIPRJMOD}/shapes3D/532610271 recolored.step
01-20 19:45:28 Kicad_action_plugins-master.archive_project.archive_project 656:Remapping: ${KIPRJMOD}/shapes3D/532610271 recolored.step
01-20 19:45:28 Kicad_action_plugins-master.archive_project.archive_project 588:Getting 3D models for footprint of: J2
01-20 19:45:28 Kicad_action_plugins-master.archive_project.archive_project 599:Trying to copy: ${KIPRJMOD}/shapes3D/532611071 recolored.step
01-20 19:45:28 Kicad_action_plugins-master.archive_project.archive_project 656:Remapping: ${KIPRJMOD}/shapes3D/532611071 recolored.step
01-20 19:45:28 Kicad_action_plugins-master.archive_project.archive_project 588:Getting 3D models for footprint of: U3
01-20 19:45:28 Kicad_action_plugins-master.archive_project.archive_project 599:Trying to copy: ${KIPRJMOD}/shapes3D/SOIC-8_5.275x5.275mm_P1.27mm.step
01-20 19:45:28 Kicad_action_plugins-master.archive_project.archive_project 656:Remapping: ${KIPRJMOD}/shapes3D/SOIC-8_5.275x5.275mm_P1.27mm.step
01-20 19:45:28 Kicad_action_plugins-master.archive_project.archive_project 588:Getting 3D models for footprint of: J1
01-20 19:45:28 Kicad_action_plugins-master.archive_project.archive_project 599:Trying to copy: ${KIPRJMOD}/shapes3D/M20-6102045.stp
01-20 19:45:28 Kicad_action_plugins-master.archive_project.archive_project 656:Remapping: ${KIPRJMOD}/shapes3D/M20-6102045.stp
01-20 19:45:28 Kicad_action_plugins-master.archive_project.archive_project 588:Getting 3D models for footprint of: G***
01-20 19:45:28 Kicad_action_plugins-master.archive_project.archive_project 588:Getting 3D models for footprint of: D1
01-20 19:45:28 Kicad_action_plugins-master.archive_project.archive_project 599:Trying to copy: ${KIPRJMOD}/shapes3D/LED_0805_2012Metric.wrl
01-20 19:45:28 Kicad_action_plugins-master.archive_project.archive_project 656:Remapping: ${KIPRJMOD}/shapes3D/LED_0805_2012Metric.wrl
01-20 19:45:28 Kicad_action_plugins-master.archive_project.archive_project 588:Getting 3D models for footprint of: U6
01-20 19:45:28 Kicad_action_plugins-master.archive_project.archive_project 599:Trying to copy: ${KIPRJMOD}/shapes3D/User Library-MPX5100GP.step
01-20 19:45:28 Kicad_action_plugins-master.archive_project.archive_project 656:Remapping: ${KIPRJMOD}/shapes3D/User Library-MPX5100GP.step
01-20 19:45:28 Kicad_action_plugins-master.archive_project.archive_project 588:Getting 3D models for footprint of: IC4
01-20 19:45:28 Kicad_action_plugins-master.archive_project.archive_project 599:Trying to copy: ${KIPRJMOD}/shapes3D/MMC5983MA.stp
01-20 19:45:28 Kicad_action_plugins-master.archive_project.archive_project 656:Remapping: ${KIPRJMOD}/shapes3D/MMC5983MA.stp
01-20 19:45:28 Kicad_action_plugins-master.archive_project.archive_project 588:Getting 3D models for footprint of: U4
01-20 19:45:28 Kicad_action_plugins-master.archive_project.archive_project 599:Trying to copy: ${KIPRJMOD}/shapes3D/QFN-24-1EP_4x4mm_P0.5mm_EP2.7x2.6mm.wrl
01-20 19:45:28 Kicad_action_plugins-master.archive_project.archive_project 656:Remapping: ${KIPRJMOD}/shapes3D/QFN-24-1EP_4x4mm_P0.5mm_EP2.7x2.6mm.wrl
01-20 19:45:28 Kicad_action_plugins-master.archive_project.archive_project 588:Getting 3D models for footprint of: IC5
01-20 19:45:28 Kicad_action_plugins-master.archive_project.archive_project 599:Trying to copy: ${KIPRJMOD}/shapes3D/ZMOD4410AI3V.stp
01-20 19:45:28 Kicad_action_plugins-master.archive_project.archive_project 656:Remapping: ${KIPRJMOD}/shapes3D/ZMOD4410AI3V.stp
01-20 19:45:28 Kicad_action_plugins-master.archive_project.archive_project 588:Getting 3D models for footprint of: TP6
01-20 19:45:28 Kicad_action_plugins-master.archive_project.archive_project 588:Getting 3D models for footprint of: TP5
01-20 19:45:28 Kicad_action_plugins-master.archive_project.archive_project 588:Getting 3D models for footprint of: TP4
01-20 19:45:28 Kicad_action_plugins-master.archive_project.archive_project 588:Getting 3D models for footprint of: TP3
01-20 19:45:28 Kicad_action_plugins-master.archive_project.archive_project 588:Getting 3D models for footprint of: TP2
01-20 19:45:28 Kicad_action_plugins-master.archive_project.archive_project 588:Getting 3D models for footprint of: TP1
01-20 19:45:28 Kicad_action_plugins-master.archive_project.archive_project 588:Getting 3D models for footprint of: U1
01-20 19:45:28 Kicad_action_plugins-master.archive_project.archive_project 599:Trying to copy: ${KIPRJMOD}/shapes3D/LQFP-64_10x10mm_P0.5mm.wrl
01-20 19:45:28 Kicad_action_plugins-master.archive_project.archive_project 656:Remapping: ${KIPRJMOD}/shapes3D/LQFP-64_10x10mm_P0.5mm.wrl
01-20 19:45:28 Kicad_action_plugins-master.archive_project.archive_project 588:Getting 3D models for footprint of: R12
01-20 19:45:28 Kicad_action_plugins-master.archive_project.archive_project 599:Trying to copy: ${KIPRJMOD}/shapes3D/R_0805_2012Metric.wrl
01-20 19:45:28 Kicad_action_plugins-master.archive_project.archive_project 656:Remapping: ${KIPRJMOD}/shapes3D/R_0805_2012Metric.wrl
01-20 19:45:28 Kicad_action_plugins-master.archive_project.archive_project 588:Getting 3D models for footprint of: C36
01-20 19:45:28 Kicad_action_plugins-master.archive_project.archive_project 599:Trying to copy: ${KIPRJMOD}/shapes3D/C_0805_2012Metric.wrl
01-20 19:45:28 Kicad_action_plugins-master.archive_project.archive_project 656:Remapping: ${KIPRJMOD}/shapes3D/C_0805_2012Metric.wrl
01-20 19:45:28 Kicad_action_plugins-master.archive_project.archive_project 588:Getting 3D models for footprint of: C35
01-20 19:45:28 Kicad_action_plugins-master.archive_project.archive_project 599:Trying to copy: ${KIPRJMOD}/shapes3D/C_0805_2012Metric.wrl
01-20 19:45:28 Kicad_action_plugins-master.archive_project.archive_project 656:Remapping: ${KIPRJMOD}/shapes3D/C_0805_2012Metric.wrl
01-20 19:45:28 Kicad_action_plugins-master.archive_project.archive_project 588:Getting 3D models for footprint of: J3
01-20 19:45:28 Kicad_action_plugins-master.archive_project.archive_project 599:Trying to copy: ${KIPRJMOD}/shapes3D/MEM2075-00-140-01-A.stp
01-20 19:45:28 Kicad_action_plugins-master.archive_project.archive_project 656:Remapping: ${KIPRJMOD}/shapes3D/MEM2075-00-140-01-A.stp
01-20 19:45:28 Kicad_action_plugins-master.archive_project.archive_project 588:Getting 3D models for footprint of: C24
01-20 19:45:28 Kicad_action_plugins-master.archive_project.archive_project 599:Trying to copy: ${KIPRJMOD}/shapes3D/C_0805_2012Metric.wrl
01-20 19:45:28 Kicad_action_plugins-master.archive_project.archive_project 656:Remapping: ${KIPRJMOD}/shapes3D/C_0805_2012Metric.wrl
01-20 19:45:28 Kicad_action_plugins-master.archive_project.archive_project 588:Getting 3D models for footprint of: VR3
01-20 19:45:28 Kicad_action_plugins-master.archive_project.archive_project 599:Trying to copy: ${KIPRJMOD}/shapes3D/TC33X-2-204E.stp
01-20 19:45:28 Kicad_action_plugins-master.archive_project.archive_project 656:Remapping: ${KIPRJMOD}/shapes3D/TC33X-2-204E.stp
01-20 19:45:28 Kicad_action_plugins-master.archive_project.archive_project 588:Getting 3D models for footprint of: VR2
01-20 19:45:28 Kicad_action_plugins-master.archive_project.archive_project 599:Trying to copy: ${KIPRJMOD}/shapes3D/TC33X-2-204E.stp
01-20 19:45:28 Kicad_action_plugins-master.archive_project.archive_project 656:Remapping: ${KIPRJMOD}/shapes3D/TC33X-2-204E.stp
01-20 19:45:28 Kicad_action_plugins-master.archive_project.archive_project 588:Getting 3D models for footprint of: VR1
01-20 19:45:28 Kicad_action_plugins-master.archive_project.archive_project 599:Trying to copy: ${KIPRJMOD}/shapes3D/TC33X-2-204E.stp
01-20 19:45:28 Kicad_action_plugins-master.archive_project.archive_project 656:Remapping: ${KIPRJMOD}/shapes3D/TC33X-2-204E.stp
01-20 19:45:28 Kicad_action_plugins-master.archive_project.archive_project 588:Getting 3D models for footprint of: U2
01-20 19:45:28 Kicad_action_plugins-master.archive_project.archive_project 599:Trying to copy: ${KIPRJMOD}/shapes3D/SOIC-8_3.9x4.9mm_P1.27mm.wrl
01-20 19:45:28 Kicad_action_plugins-master.archive_project.archive_project 656:Remapping: ${KIPRJMOD}/shapes3D/SOIC-8_3.9x4.9mm_P1.27mm.wrl
01-20 19:45:28 Kicad_action_plugins-master.archive_project.archive_project 588:Getting 3D models for footprint of: S1
01-20 19:45:28 Kicad_action_plugins-master.archive_project.archive_project 599:Trying to copy: ${KIPRJMOD}/shapes3D/PTS636_SM43J_SMTR_LFS.stp
01-20 19:45:28 Kicad_action_plugins-master.archive_project.archive_project 656:Remapping: ${KIPRJMOD}/shapes3D/PTS636_SM43J_SMTR_LFS.stp
01-20 19:45:28 Kicad_action_plugins-master.archive_project.archive_project 588:Getting 3D models for footprint of: R24
01-20 19:45:28 Kicad_action_plugins-master.archive_project.archive_project 599:Trying to copy: ${KIPRJMOD}/shapes3D/R_0805_2012Metric.wrl
01-20 19:45:28 Kicad_action_plugins-master.archive_project.archive_project 656:Remapping: ${KIPRJMOD}/shapes3D/R_0805_2012Metric.wrl
01-20 19:45:28 Kicad_action_plugins-master.archive_project.archive_project 588:Getting 3D models for footprint of: R22
01-20 19:45:28 Kicad_action_plugins-master.archive_project.archive_project 599:Trying to copy: ${KIPRJMOD}/shapes3D/R_0805_2012Metric.wrl
01-20 19:45:28 Kicad_action_plugins-master.archive_project.archive_project 656:Remapping: ${KIPRJMOD}/shapes3D/R_0805_2012Metric.wrl
01-20 19:45:28 Kicad_action_plugins-master.archive_project.archive_project 588:Getting 3D models for footprint of: R21
01-20 19:45:28 Kicad_action_plugins-master.archive_project.archive_project 599:Trying to copy: ${KIPRJMOD}/shapes3D/R_0805_2012Metric.wrl
01-20 19:45:28 Kicad_action_plugins-master.archive_project.archive_project 656:Remapping: ${KIPRJMOD}/shapes3D/R_0805_2012Metric.wrl
01-20 19:45:28 Kicad_action_plugins-master.archive_project.archive_project 588:Getting 3D models for footprint of: R20
01-20 19:45:28 Kicad_action_plugins-master.archive_project.archive_project 599:Trying to copy: ${KIPRJMOD}/shapes3D/R_0805_2012Metric.wrl
01-20 19:45:28 Kicad_action_plugins-master.archive_project.archive_project 656:Remapping: ${KIPRJMOD}/shapes3D/R_0805_2012Metric.wrl
01-20 19:45:28 Kicad_action_plugins-master.archive_project.archive_project 588:Getting 3D models for footprint of: R19
01-20 19:45:28 Kicad_action_plugins-master.archive_project.archive_project 599:Trying to copy: ${KIPRJMOD}/shapes3D/R_0805_2012Metric.wrl
01-20 19:45:28 Kicad_action_plugins-master.archive_project.archive_project 656:Remapping: ${KIPRJMOD}/shapes3D/R_0805_2012Metric.wrl
01-20 19:45:28 Kicad_action_plugins-master.archive_project.archive_project 588:Getting 3D models for footprint of: R18
01-20 19:45:28 Kicad_action_plugins-master.archive_project.archive_project 599:Trying to copy: ${KIPRJMOD}/shapes3D/R_0805_2012Metric.wrl
01-20 19:45:28 Kicad_action_plugins-master.archive_project.archive_project 656:Remapping: ${KIPRJMOD}/shapes3D/R_0805_2012Metric.wrl
01-20 19:45:28 Kicad_action_plugins-master.archive_project.archive_project 588:Getting 3D models for footprint of: R17
01-20 19:45:28 Kicad_action_plugins-master.archive_project.archive_project 599:Trying to copy: ${KIPRJMOD}/shapes3D/R_0805_2012Metric.wrl
01-20 19:45:28 Kicad_action_plugins-master.archive_project.archive_project 656:Remapping: ${KIPRJMOD}/shapes3D/R_0805_2012Metric.wrl
01-20 19:45:28 Kicad_action_plugins-master.archive_project.archive_project 588:Getting 3D models for footprint of: R16
01-20 19:45:28 Kicad_action_plugins-master.archive_project.archive_project 599:Trying to copy: ${KIPRJMOD}/shapes3D/R_0805_2012Metric.wrl
01-20 19:45:28 Kicad_action_plugins-master.archive_project.archive_project 656:Remapping: ${KIPRJMOD}/shapes3D/R_0805_2012Metric.wrl
01-20 19:45:28 Kicad_action_plugins-master.archive_project.archive_project 588:Getting 3D models for footprint of: R15
01-20 19:45:28 Kicad_action_plugins-master.archive_project.archive_project 599:Trying to copy: ${KIPRJMOD}/shapes3D/R_0805_2012Metric.wrl
01-20 19:45:28 Kicad_action_plugins-master.archive_project.archive_project 656:Remapping: ${KIPRJMOD}/shapes3D/R_0805_2012Metric.wrl
01-20 19:45:28 Kicad_action_plugins-master.archive_project.archive_project 588:Getting 3D models for footprint of: R14
01-20 19:45:28 Kicad_action_plugins-master.archive_project.archive_project 599:Trying to copy: ${KIPRJMOD}/shapes3D/R_0805_2012Metric.wrl
01-20 19:45:28 Kicad_action_plugins-master.archive_project.archive_project 656:Remapping: ${KIPRJMOD}/shapes3D/R_0805_2012Metric.wrl
01-20 19:45:28 Kicad_action_plugins-master.archive_project.archive_project 588:Getting 3D models for footprint of: R13
01-20 19:45:28 Kicad_action_plugins-master.archive_project.archive_project 599:Trying to copy: ${KIPRJMOD}/shapes3D/R_0805_2012Metric.wrl
01-20 19:45:28 Kicad_action_plugins-master.archive_project.archive_project 656:Remapping: ${KIPRJMOD}/shapes3D/R_0805_2012Metric.wrl
01-20 19:45:28 Kicad_action_plugins-master.archive_project.archive_project 588:Getting 3D models for footprint of: R11
01-20 19:45:28 Kicad_action_plugins-master.archive_project.archive_project 599:Trying to copy: ${KIPRJMOD}/shapes3D/R_0805_2012Metric.wrl
01-20 19:45:28 Kicad_action_plugins-master.archive_project.archive_project 656:Remapping: ${KIPRJMOD}/shapes3D/R_0805_2012Metric.wrl
01-20 19:45:28 Kicad_action_plugins-master.archive_project.archive_project 588:Getting 3D models for footprint of: R10
01-20 19:45:28 Kicad_action_plugins-master.archive_project.archive_project 599:Trying to copy: ${KIPRJMOD}/shapes3D/R_0805_2012Metric.wrl
01-20 19:45:28 Kicad_action_plugins-master.archive_project.archive_project 656:Remapping: ${KIPRJMOD}/shapes3D/R_0805_2012Metric.wrl
01-20 19:45:28 Kicad_action_plugins-master.archive_project.archive_project 588:Getting 3D models for footprint of: R9
01-20 19:45:28 Kicad_action_plugins-master.archive_project.archive_project 599:Trying to copy: ${KIPRJMOD}/shapes3D/R_0805_2012Metric.wrl
01-20 19:45:28 Kicad_action_plugins-master.archive_project.archive_project 656:Remapping: ${KIPRJMOD}/shapes3D/R_0805_2012Metric.wrl
01-20 19:45:28 Kicad_action_plugins-master.archive_project.archive_project 588:Getting 3D models for footprint of: R8
01-20 19:45:28 Kicad_action_plugins-master.archive_project.archive_project 599:Trying to copy: ${KIPRJMOD}/shapes3D/R_0805_2012Metric.wrl
01-20 19:45:28 Kicad_action_plugins-master.archive_project.archive_project 656:Remapping: ${KIPRJMOD}/shapes3D/R_0805_2012Metric.wrl
01-20 19:45:28 Kicad_action_plugins-master.archive_project.archive_project 588:Getting 3D models for footprint of: R7
01-20 19:45:28 Kicad_action_plugins-master.archive_project.archive_project 599:Trying to copy: ${KIPRJMOD}/shapes3D/R_0805_2012Metric.wrl
01-20 19:45:28 Kicad_action_plugins-master.archive_project.archive_project 656:Remapping: ${KIPRJMOD}/shapes3D/R_0805_2012Metric.wrl
01-20 19:45:28 Kicad_action_plugins-master.archive_project.archive_project 588:Getting 3D models for footprint of: R6
01-20 19:45:28 Kicad_action_plugins-master.archive_project.archive_project 599:Trying to copy: ${KIPRJMOD}/shapes3D/R_0805_2012Metric.wrl
01-20 19:45:28 Kicad_action_plugins-master.archive_project.archive_project 656:Remapping: ${KIPRJMOD}/shapes3D/R_0805_2012Metric.wrl
01-20 19:45:28 Kicad_action_plugins-master.archive_project.archive_project 588:Getting 3D models for footprint of: R5
01-20 19:45:28 Kicad_action_plugins-master.archive_project.archive_project 599:Trying to copy: ${KIPRJMOD}/shapes3D/R_0805_2012Metric.wrl
01-20 19:45:28 Kicad_action_plugins-master.archive_project.archive_project 656:Remapping: ${KIPRJMOD}/shapes3D/R_0805_2012Metric.wrl
01-20 19:45:28 Kicad_action_plugins-master.archive_project.archive_project 588:Getting 3D models for footprint of: R4
01-20 19:45:28 Kicad_action_plugins-master.archive_project.archive_project 599:Trying to copy: ${KIPRJMOD}/shapes3D/R_0805_2012Metric.wrl
01-20 19:45:28 Kicad_action_plugins-master.archive_project.archive_project 656:Remapping: ${KIPRJMOD}/shapes3D/R_0805_2012Metric.wrl
01-20 19:45:28 Kicad_action_plugins-master.archive_project.archive_project 588:Getting 3D models for footprint of: R3
01-20 19:45:28 Kicad_action_plugins-master.archive_project.archive_project 599:Trying to copy: ${KIPRJMOD}/shapes3D/R_0805_2012Metric.wrl
01-20 19:45:28 Kicad_action_plugins-master.archive_project.archive_project 656:Remapping: ${KIPRJMOD}/shapes3D/R_0805_2012Metric.wrl
01-20 19:45:28 Kicad_action_plugins-master.archive_project.archive_project 588:Getting 3D models for footprint of: R2
01-20 19:45:28 Kicad_action_plugins-master.archive_project.archive_project 599:Trying to copy: ${KIPRJMOD}/shapes3D/R_0805_2012Metric.wrl
01-20 19:45:28 Kicad_action_plugins-master.archive_project.archive_project 656:Remapping: ${KIPRJMOD}/shapes3D/R_0805_2012Metric.wrl
01-20 19:45:28 Kicad_action_plugins-master.archive_project.archive_project 588:Getting 3D models for footprint of: R1
01-20 19:45:28 Kicad_action_plugins-master.archive_project.archive_project 599:Trying to copy: ${KIPRJMOD}/shapes3D/R_0805_2012Metric.wrl
01-20 19:45:28 Kicad_action_plugins-master.archive_project.archive_project 656:Remapping: ${KIPRJMOD}/shapes3D/R_0805_2012Metric.wrl
01-20 19:45:28 Kicad_action_plugins-master.archive_project.archive_project 588:Getting 3D models for footprint of: JP4
01-20 19:45:28 Kicad_action_plugins-master.archive_project.archive_project 588:Getting 3D models for footprint of: JP3
01-20 19:45:28 Kicad_action_plugins-master.archive_project.archive_project 588:Getting 3D models for footprint of: JP2
01-20 19:45:28 Kicad_action_plugins-master.archive_project.archive_project 588:Getting 3D models for footprint of: JP1
01-20 19:45:28 Kicad_action_plugins-master.archive_project.archive_project 588:Getting 3D models for footprint of: IC3
01-20 19:45:28 Kicad_action_plugins-master.archive_project.archive_project 599:Trying to copy: ${KIPRJMOD}/shapes3D/MAX6682MUA+T.stp
01-20 19:45:28 Kicad_action_plugins-master.archive_project.archive_project 656:Remapping: ${KIPRJMOD}/shapes3D/MAX6682MUA+T.stp
01-20 19:45:28 Kicad_action_plugins-master.archive_project.archive_project 588:Getting 3D models for footprint of: IC2
01-20 19:45:28 Kicad_action_plugins-master.archive_project.archive_project 599:Trying to copy: ${KIPRJMOD}/shapes3D/MAX6682MUA+T.stp
01-20 19:45:28 Kicad_action_plugins-master.archive_project.archive_project 656:Remapping: ${KIPRJMOD}/shapes3D/MAX6682MUA+T.stp
01-20 19:45:28 Kicad_action_plugins-master.archive_project.archive_project 588:Getting 3D models for footprint of: IC1
01-20 19:45:28 Kicad_action_plugins-master.archive_project.archive_project 599:Trying to copy: ${KIPRJMOD}/shapes3D/MAX6682MUA+T.stp
01-20 19:45:28 Kicad_action_plugins-master.archive_project.archive_project 656:Remapping: ${KIPRJMOD}/shapes3D/MAX6682MUA+T.stp
01-20 19:45:28 Kicad_action_plugins-master.archive_project.archive_project 588:Getting 3D models for footprint of: D2
01-20 19:45:28 Kicad_action_plugins-master.archive_project.archive_project 599:Trying to copy: ${KIPRJMOD}/shapes3D/SOT-23.step
01-20 19:45:28 Kicad_action_plugins-master.archive_project.archive_project 656:Remapping: ${KIPRJMOD}/shapes3D/SOT-23.step
01-20 19:45:28 Kicad_action_plugins-master.archive_project.archive_project 588:Getting 3D models for footprint of: C34
01-20 19:45:28 Kicad_action_plugins-master.archive_project.archive_project 599:Trying to copy: ${KIPRJMOD}/shapes3D/C_0805_2012Metric.wrl
01-20 19:45:28 Kicad_action_plugins-master.archive_project.archive_project 656:Remapping: ${KIPRJMOD}/shapes3D/C_0805_2012Metric.wrl
01-20 19:45:28 Kicad_action_plugins-master.archive_project.archive_project 588:Getting 3D models for footprint of: C33
01-20 19:45:28 Kicad_action_plugins-master.archive_project.archive_project 599:Trying to copy: ${KIPRJMOD}/shapes3D/C_0805_2012Metric.wrl
01-20 19:45:28 Kicad_action_plugins-master.archive_project.archive_project 656:Remapping: ${KIPRJMOD}/shapes3D/C_0805_2012Metric.wrl
01-20 19:45:28 Kicad_action_plugins-master.archive_project.archive_project 588:Getting 3D models for footprint of: C32
01-20 19:45:28 Kicad_action_plugins-master.archive_project.archive_project 599:Trying to copy: ${KIPRJMOD}/shapes3D/C_0805_2012Metric.wrl
01-20 19:45:28 Kicad_action_plugins-master.archive_project.archive_project 656:Remapping: ${KIPRJMOD}/shapes3D/C_0805_2012Metric.wrl
01-20 19:45:28 Kicad_action_plugins-master.archive_project.archive_project 588:Getting 3D models for footprint of: C31
01-20 19:45:28 Kicad_action_plugins-master.archive_project.archive_project 599:Trying to copy: ${KIPRJMOD}/shapes3D/C_0805_2012Metric.wrl
01-20 19:45:28 Kicad_action_plugins-master.archive_project.archive_project 656:Remapping: ${KIPRJMOD}/shapes3D/C_0805_2012Metric.wrl
01-20 19:45:28 Kicad_action_plugins-master.archive_project.archive_project 588:Getting 3D models for footprint of: C30
01-20 19:45:28 Kicad_action_plugins-master.archive_project.archive_project 599:Trying to copy: ${KIPRJMOD}/shapes3D/C_0805_2012Metric.wrl
01-20 19:45:28 Kicad_action_plugins-master.archive_project.archive_project 656:Remapping: ${KIPRJMOD}/shapes3D/C_0805_2012Metric.wrl
01-20 19:45:28 Kicad_action_plugins-master.archive_project.archive_project 588:Getting 3D models for footprint of: C29
01-20 19:45:28 Kicad_action_plugins-master.archive_project.archive_project 599:Trying to copy: ${KIPRJMOD}/shapes3D/C_0805_2012Metric.wrl
01-20 19:45:28 Kicad_action_plugins-master.archive_project.archive_project 656:Remapping: ${KIPRJMOD}/shapes3D/C_0805_2012Metric.wrl
01-20 19:45:28 Kicad_action_plugins-master.archive_project.archive_project 588:Getting 3D models for footprint of: C28
01-20 19:45:28 Kicad_action_plugins-master.archive_project.archive_project 599:Trying to copy: ${KIPRJMOD}/shapes3D/C_0805_2012Metric.wrl
01-20 19:45:28 Kicad_action_plugins-master.archive_project.archive_project 656:Remapping: ${KIPRJMOD}/shapes3D/C_0805_2012Metric.wrl
01-20 19:45:28 Kicad_action_plugins-master.archive_project.archive_project 588:Getting 3D models for footprint of: C27
01-20 19:45:28 Kicad_action_plugins-master.archive_project.archive_project 599:Trying to copy: ${KIPRJMOD}/shapes3D/C_0805_2012Metric.wrl
01-20 19:45:28 Kicad_action_plugins-master.archive_project.archive_project 656:Remapping: ${KIPRJMOD}/shapes3D/C_0805_2012Metric.wrl
01-20 19:45:28 Kicad_action_plugins-master.archive_project.archive_project 588:Getting 3D models for footprint of: C26
01-20 19:45:28 Kicad_action_plugins-master.archive_project.archive_project 599:Trying to copy: ${KIPRJMOD}/shapes3D/C_0805_2012Metric.wrl
01-20 19:45:28 Kicad_action_plugins-master.archive_project.archive_project 656:Remapping: ${KIPRJMOD}/shapes3D/C_0805_2012Metric.wrl
01-20 19:45:28 Kicad_action_plugins-master.archive_project.archive_project 588:Getting 3D models for footprint of: C25
01-20 19:45:28 Kicad_action_plugins-master.archive_project.archive_project 599:Trying to copy: ${KIPRJMOD}/shapes3D/C_0805_2012Metric.wrl
01-20 19:45:28 Kicad_action_plugins-master.archive_project.archive_project 656:Remapping: ${KIPRJMOD}/shapes3D/C_0805_2012Metric.wrl
01-20 19:45:28 Kicad_action_plugins-master.archive_project.archive_project 588:Getting 3D models for footprint of: C23
01-20 19:45:28 Kicad_action_plugins-master.archive_project.archive_project 599:Trying to copy: ${KIPRJMOD}/shapes3D/C_0805_2012Metric.wrl
01-20 19:45:28 Kicad_action_plugins-master.archive_project.archive_project 656:Remapping: ${KIPRJMOD}/shapes3D/C_0805_2012Metric.wrl
01-20 19:45:28 Kicad_action_plugins-master.archive_project.archive_project 588:Getting 3D models for footprint of: C21
01-20 19:45:28 Kicad_action_plugins-master.archive_project.archive_project 599:Trying to copy: ${KIPRJMOD}/shapes3D/C_0805_2012Metric.wrl
01-20 19:45:28 Kicad_action_plugins-master.archive_project.archive_project 656:Remapping: ${KIPRJMOD}/shapes3D/C_0805_2012Metric.wrl
01-20 19:45:28 Kicad_action_plugins-master.archive_project.archive_project 588:Getting 3D models for footprint of: C20
01-20 19:45:28 Kicad_action_plugins-master.archive_project.archive_project 599:Trying to copy: ${KIPRJMOD}/shapes3D/C_0805_2012Metric.wrl
01-20 19:45:28 Kicad_action_plugins-master.archive_project.archive_project 656:Remapping: ${KIPRJMOD}/shapes3D/C_0805_2012Metric.wrl
01-20 19:45:28 Kicad_action_plugins-master.archive_project.archive_project 588:Getting 3D models for footprint of: C19
01-20 19:45:28 Kicad_action_plugins-master.archive_project.archive_project 599:Trying to copy: ${KIPRJMOD}/shapes3D/C_0805_2012Metric.wrl
01-20 19:45:28 Kicad_action_plugins-master.archive_project.archive_project 656:Remapping: ${KIPRJMOD}/shapes3D/C_0805_2012Metric.wrl
01-20 19:45:28 Kicad_action_plugins-master.archive_project.archive_project 588:Getting 3D models for footprint of: C18
01-20 19:45:28 Kicad_action_plugins-master.archive_project.archive_project 599:Trying to copy: ${KIPRJMOD}/shapes3D/C_0805_2012Metric.wrl
01-20 19:45:28 Kicad_action_plugins-master.archive_project.archive_project 656:Remapping: ${KIPRJMOD}/shapes3D/C_0805_2012Metric.wrl
01-20 19:45:28 Kicad_action_plugins-master.archive_project.archive_project 588:Getting 3D models for footprint of: C17
01-20 19:45:28 Kicad_action_plugins-master.archive_project.archive_project 599:Trying to copy: ${KIPRJMOD}/shapes3D/C_0805_2012Metric.wrl
01-20 19:45:28 Kicad_action_plugins-master.archive_project.archive_project 656:Remapping: ${KIPRJMOD}/shapes3D/C_0805_2012Metric.wrl
01-20 19:45:28 Kicad_action_plugins-master.archive_project.archive_project 588:Getting 3D models for footprint of: C16
01-20 19:45:28 Kicad_action_plugins-master.archive_project.archive_project 599:Trying to copy: ${KIPRJMOD}/shapes3D/C_0805_2012Metric.wrl
01-20 19:45:28 Kicad_action_plugins-master.archive_project.archive_project 656:Remapping: ${KIPRJMOD}/shapes3D/C_0805_2012Metric.wrl
01-20 19:45:28 Kicad_action_plugins-master.archive_project.archive_project 588:Getting 3D models for footprint of: C15
01-20 19:45:28 Kicad_action_plugins-master.archive_project.archive_project 599:Trying to copy: ${KIPRJMOD}/shapes3D/C_0805_2012Metric.wrl
01-20 19:45:28 Kicad_action_plugins-master.archive_project.archive_project 656:Remapping: ${KIPRJMOD}/shapes3D/C_0805_2012Metric.wrl
01-20 19:45:28 Kicad_action_plugins-master.archive_project.archive_project 588:Getting 3D models for footprint of: C14
01-20 19:45:28 Kicad_action_plugins-master.archive_project.archive_project 599:Trying to copy: ${KIPRJMOD}/shapes3D/C_0805_2012Metric.wrl
01-20 19:45:28 Kicad_action_plugins-master.archive_project.archive_project 656:Remapping: ${KIPRJMOD}/shapes3D/C_0805_2012Metric.wrl
01-20 19:45:28 Kicad_action_plugins-master.archive_project.archive_project 588:Getting 3D models for footprint of: C13
01-20 19:45:28 Kicad_action_plugins-master.archive_project.archive_project 599:Trying to copy: ${KIPRJMOD}/shapes3D/C_0805_2012Metric.wrl
01-20 19:45:28 Kicad_action_plugins-master.archive_project.archive_project 656:Remapping: ${KIPRJMOD}/shapes3D/C_0805_2012Metric.wrl
01-20 19:45:28 Kicad_action_plugins-master.archive_project.archive_project 588:Getting 3D models for footprint of: C12
01-20 19:45:28 Kicad_action_plugins-master.archive_project.archive_project 599:Trying to copy: ${KIPRJMOD}/shapes3D/C_0805_2012Metric.wrl
01-20 19:45:28 Kicad_action_plugins-master.archive_project.archive_project 656:Remapping: ${KIPRJMOD}/shapes3D/C_0805_2012Metric.wrl
01-20 19:45:28 Kicad_action_plugins-master.archive_project.archive_project 588:Getting 3D models for footprint of: C11
01-20 19:45:28 Kicad_action_plugins-master.archive_project.archive_project 599:Trying to copy: ${KIPRJMOD}/shapes3D/C_0805_2012Metric.wrl
01-20 19:45:28 Kicad_action_plugins-master.archive_project.archive_project 656:Remapping: ${KIPRJMOD}/shapes3D/C_0805_2012Metric.wrl
01-20 19:45:28 Kicad_action_plugins-master.archive_project.archive_project 588:Getting 3D models for footprint of: C10
01-20 19:45:28 Kicad_action_plugins-master.archive_project.archive_project 599:Trying to copy: ${KIPRJMOD}/shapes3D/C_0805_2012Metric.wrl
01-20 19:45:28 Kicad_action_plugins-master.archive_project.archive_project 656:Remapping: ${KIPRJMOD}/shapes3D/C_0805_2012Metric.wrl
01-20 19:45:28 Kicad_action_plugins-master.archive_project.archive_project 588:Getting 3D models for footprint of: C9
01-20 19:45:28 Kicad_action_plugins-master.archive_project.archive_project 599:Trying to copy: ${KIPRJMOD}/shapes3D/C_0805_2012Metric.wrl
01-20 19:45:28 Kicad_action_plugins-master.archive_project.archive_project 656:Remapping: ${KIPRJMOD}/shapes3D/C_0805_2012Metric.wrl
01-20 19:45:28 Kicad_action_plugins-master.archive_project.archive_project 588:Getting 3D models for footprint of: C8
01-20 19:45:28 Kicad_action_plugins-master.archive_project.archive_project 599:Trying to copy: ${KIPRJMOD}/shapes3D/C_0805_2012Metric.wrl
01-20 19:45:28 Kicad_action_plugins-master.archive_project.archive_project 656:Remapping: ${KIPRJMOD}/shapes3D/C_0805_2012Metric.wrl
01-20 19:45:28 Kicad_action_plugins-master.archive_project.archive_project 588:Getting 3D models for footprint of: C7
01-20 19:45:28 Kicad_action_plugins-master.archive_project.archive_project 599:Trying to copy: ${KIPRJMOD}/shapes3D/C_0805_2012Metric.wrl
01-20 19:45:28 Kicad_action_plugins-master.archive_project.archive_project 656:Remapping: ${KIPRJMOD}/shapes3D/C_0805_2012Metric.wrl
01-20 19:45:28 Kicad_action_plugins-master.archive_project.archive_project 588:Getting 3D models for footprint of: C6
01-20 19:45:28 Kicad_action_plugins-master.archive_project.archive_project 599:Trying to copy: ${KIPRJMOD}/shapes3D/C_0805_2012Metric.wrl
01-20 19:45:28 Kicad_action_plugins-master.archive_project.archive_project 656:Remapping: ${KIPRJMOD}/shapes3D/C_0805_2012Metric.wrl
01-20 19:45:28 Kicad_action_plugins-master.archive_project.archive_project 588:Getting 3D models for footprint of: C5
01-20 19:45:28 Kicad_action_plugins-master.archive_project.archive_project 599:Trying to copy: ${KIPRJMOD}/shapes3D/C_0805_2012Metric.wrl
01-20 19:45:28 Kicad_action_plugins-master.archive_project.archive_project 656:Remapping: ${KIPRJMOD}/shapes3D/C_0805_2012Metric.wrl
01-20 19:45:28 Kicad_action_plugins-master.archive_project.archive_project 588:Getting 3D models for footprint of: C4
01-20 19:45:28 Kicad_action_plugins-master.archive_project.archive_project 599:Trying to copy: ${KIPRJMOD}/shapes3D/C_0805_2012Metric.wrl
01-20 19:45:28 Kicad_action_plugins-master.archive_project.archive_project 656:Remapping: ${KIPRJMOD}/shapes3D/C_0805_2012Metric.wrl
01-20 19:45:28 Kicad_action_plugins-master.archive_project.archive_project 588:Getting 3D models for footprint of: C3
01-20 19:45:28 Kicad_action_plugins-master.archive_project.archive_project 599:Trying to copy: ${KIPRJMOD}/shapes3D/C_0805_2012Metric.wrl
01-20 19:45:28 Kicad_action_plugins-master.archive_project.archive_project 656:Remapping: ${KIPRJMOD}/shapes3D/C_0805_2012Metric.wrl
01-20 19:45:28 Kicad_action_plugins-master.archive_project.archive_project 588:Getting 3D models for footprint of: C2
01-20 19:45:28 Kicad_action_plugins-master.archive_project.archive_project 599:Trying to copy: ${KIPRJMOD}/shapes3D/C_0805_2012Metric.wrl
01-20 19:45:28 Kicad_action_plugins-master.archive_project.archive_project 656:Remapping: ${KIPRJMOD}/shapes3D/C_0805_2012Metric.wrl
01-20 19:45:28 Kicad_action_plugins-master.archive_project.archive_project 588:Getting 3D models for footprint of: C1
01-20 19:45:28 Kicad_action_plugins-master.archive_project.archive_project 599:Trying to copy: ${KIPRJMOD}/shapes3D/C_0805_2012Metric.wrl
01-20 19:45:28 Kicad_action_plugins-master.archive_project.archive_project 656:Remapping: ${KIPRJMOD}/shapes3D/C_0805_2012Metric.wrl
